\BOOKMARK [0][-]{chapter.1}{\376\377\0001\000\040\000H\000i\000e\000r\000a\000r\000c\000h\000i\000c\000a\000l\000\040\000I\000n\000d\000e\000x}{}% 1
\BOOKMARK [1][-]{section.1.1}{\376\377\0001\000.\0001\000\040\000C\000l\000a\000s\000s\000\040\000H\000i\000e\000r\000a\000r\000c\000h\000y}{chapter.1}% 2
\BOOKMARK [0][-]{chapter.2}{\376\377\0002\000\040\000C\000l\000a\000s\000s\000\040\000I\000n\000d\000e\000x}{}% 3
\BOOKMARK [1][-]{section.2.1}{\376\377\0002\000.\0001\000\040\000C\000l\000a\000s\000s\000\040\000L\000i\000s\000t}{chapter.2}% 4
\BOOKMARK [0][-]{chapter.3}{\376\377\0003\000\040\000C\000l\000a\000s\000s\000\040\000D\000o\000c\000u\000m\000e\000n\000t\000a\000t\000i\000o\000n}{}% 5
\BOOKMARK [1][-]{section.3.1}{\376\377\0003\000.\0001\000\040\000d\000a\000r\000c\000.\000a\000m\000b\000e\000r\000\137\000c\000l\000u\000s\000t\000e\000r\000i\000n\000g\000.\000A\000M\000B\000E\000R\000C\000l\000u\000s\000t\000e\000r\000i\000n\000g\000\040\000C\000l\000a\000s\000s\000\040\000R\000e\000f\000e\000r\000e\000n\000c\000e}{chapter.3}% 6
\BOOKMARK [2][-]{subsection.3.1.1}{\376\377\0003\000.\0001\000.\0001\000\040\000D\000e\000t\000a\000i\000l\000e\000d\000\040\000D\000e\000s\000c\000r\000i\000p\000t\000i\000o\000n}{section.3.1}% 7
\BOOKMARK [2][-]{subsection.3.1.2}{\376\377\0003\000.\0001\000.\0002\000\040\000C\000o\000n\000s\000t\000r\000u\000c\000t\000o\000r\000\040\000\046\000\040\000D\000e\000s\000t\000r\000u\000c\000t\000o\000r\000\040\000D\000o\000c\000u\000m\000e\000n\000t\000a\000t\000i\000o\000n}{section.3.1}% 8
\BOOKMARK [3][-]{subsubsection.3.1.2.1}{\376\377\0003\000.\0001\000.\0002\000.\0001\000\040\000\137\000\137\000i\000n\000i\000t\000\137\000\137\000\050\000\051}{subsection.3.1.2}% 9
\BOOKMARK [2][-]{subsection.3.1.3}{\376\377\0003\000.\0001\000.\0003\000\040\000M\000e\000m\000b\000e\000r\000\040\000F\000u\000n\000c\000t\000i\000o\000n\000\040\000D\000o\000c\000u\000m\000e\000n\000t\000a\000t\000i\000o\000n}{section.3.1}% 10
\BOOKMARK [3][-]{subsubsection.3.1.3.1}{\376\377\0003\000.\0001\000.\0003\000.\0001\000\040\000p\000r\000o\000c\000e\000s\000s\000\137\000c\000o\000m\000m\000a\000n\000d\000\050\000\051}{subsection.3.1.3}% 11
\BOOKMARK [3][-]{subsubsection.3.1.3.2}{\376\377\0003\000.\0001\000.\0003\000.\0002\000\040\000p\000r\000o\000c\000e\000s\000s\000\137\000t\000r\000i\000g\000g\000e\000r\000s\000\050\000\051}{subsection.3.1.3}% 12
\BOOKMARK [3][-]{subsubsection.3.1.3.3}{\376\377\0003\000.\0001\000.\0003\000.\0003\000\040\000s\000t\000a\000r\000t\000\137\000o\000b\000s\000e\000r\000v\000a\000t\000i\000o\000n\000\050\000\051}{subsection.3.1.3}% 13
\BOOKMARK [3][-]{subsubsection.3.1.3.4}{\376\377\0003\000.\0001\000.\0003\000.\0004\000\040\000s\000t\000o\000p\000\137\000o\000b\000s\000e\000r\000v\000a\000t\000i\000o\000n\000\050\000\051}{subsection.3.1.3}% 14
\BOOKMARK [1][-]{section.3.2}{\376\377\0003\000.\0002\000\040\000d\000a\000r\000c\000.\000a\000m\000b\000e\000r\000\137\000c\000l\000u\000s\000t\000e\000r\000i\000n\000g\000.\000A\000M\000B\000E\000R\000C\000l\000u\000s\000t\000e\000r\000i\000n\000g\000E\000x\000c\000e\000p\000t\000i\000o\000n\000\040\000C\000l\000a\000s\000s\000\040\000R\000e\000f\000e\000r\000e\000n\000c\000e}{chapter.3}% 15
\BOOKMARK [1][-]{section.3.3}{\376\377\0003\000.\0003\000\040\000d\000a\000r\000c\000.\000a\000m\000b\000e\000r\000\137\000l\000i\000s\000t\000e\000n\000e\000r\000.\000A\000M\000B\000E\000R\000L\000i\000s\000t\000e\000n\000e\000r\000\040\000C\000l\000a\000s\000s\000\040\000R\000e\000f\000e\000r\000e\000n\000c\000e}{chapter.3}% 16
\BOOKMARK [2][-]{subsection.3.3.1}{\376\377\0003\000.\0003\000.\0001\000\040\000D\000e\000t\000a\000i\000l\000e\000d\000\040\000D\000e\000s\000c\000r\000i\000p\000t\000i\000o\000n}{section.3.3}% 17
\BOOKMARK [2][-]{subsection.3.3.2}{\376\377\0003\000.\0003\000.\0002\000\040\000C\000o\000n\000s\000t\000r\000u\000c\000t\000o\000r\000\040\000\046\000\040\000D\000e\000s\000t\000r\000u\000c\000t\000o\000r\000\040\000D\000o\000c\000u\000m\000e\000n\000t\000a\000t\000i\000o\000n}{section.3.3}% 18
\BOOKMARK [3][-]{subsubsection.3.3.2.1}{\376\377\0003\000.\0003\000.\0002\000.\0001\000\040\000\137\000\137\000i\000n\000i\000t\000\137\000\137\000\050\000\051}{subsection.3.3.2}% 19
\BOOKMARK [2][-]{subsection.3.3.3}{\376\377\0003\000.\0003\000.\0003\000\040\000M\000e\000m\000b\000e\000r\000\040\000F\000u\000n\000c\000t\000i\000o\000n\000\040\000D\000o\000c\000u\000m\000e\000n\000t\000a\000t\000i\000o\000n}{section.3.3}% 20
\BOOKMARK [3][-]{subsubsection.3.3.3.1}{\376\377\0003\000.\0003\000.\0003\000.\0001\000\040\000\137\000f\000o\000l\000l\000o\000w\000\137\000f\000i\000l\000e\000\050\000\051}{subsection.3.3.3}% 21
\BOOKMARK [3][-]{subsubsection.3.3.3.2}{\376\377\0003\000.\0003\000.\0003\000.\0002\000\040\000s\000t\000a\000r\000t\000\137\000o\000b\000s\000e\000r\000v\000a\000t\000i\000o\000n\000\050\000\051}{subsection.3.3.3}% 22
\BOOKMARK [3][-]{subsubsection.3.3.3.3}{\376\377\0003\000.\0003\000.\0003\000.\0003\000\040\000s\000t\000o\000p\000\137\000o\000b\000s\000e\000r\000v\000a\000t\000i\000o\000n\000\050\000\051}{subsection.3.3.3}% 23
\BOOKMARK [1][-]{section.3.4}{\376\377\0003\000.\0004\000\040\000d\000a\000r\000c\000.\000a\000m\000b\000e\000r\000\137\000l\000i\000s\000t\000e\000n\000e\000r\000.\000A\000M\000B\000E\000R\000L\000i\000s\000t\000e\000n\000e\000r\000E\000x\000c\000e\000p\000t\000i\000o\000n\000\040\000C\000l\000a\000s\000s\000\040\000R\000e\000f\000e\000r\000e\000n\000c\000e}{chapter.3}% 24
\BOOKMARK [1][-]{section.3.5}{\376\377\0003\000.\0005\000\040\000d\000a\000r\000c\000.\000a\000m\000b\000e\000r\000\137\000t\000r\000i\000g\000g\000e\000r\000i\000n\000g\000.\000A\000M\000B\000E\000R\000T\000r\000i\000g\000g\000e\000r\000i\000n\000g\000\040\000C\000l\000a\000s\000s\000\040\000R\000e\000f\000e\000r\000e\000n\000c\000e}{chapter.3}% 25
\BOOKMARK [2][-]{subsection.3.5.1}{\376\377\0003\000.\0005\000.\0001\000\040\000D\000e\000t\000a\000i\000l\000e\000d\000\040\000D\000e\000s\000c\000r\000i\000p\000t\000i\000o\000n}{section.3.5}% 26
\BOOKMARK [2][-]{subsection.3.5.2}{\376\377\0003\000.\0005\000.\0002\000\040\000M\000e\000m\000b\000e\000r\000\040\000F\000u\000n\000c\000t\000i\000o\000n\000\040\000D\000o\000c\000u\000m\000e\000n\000t\000a\000t\000i\000o\000n}{section.3.5}% 27
\BOOKMARK [3][-]{subsubsection.3.5.2.1}{\376\377\0003\000.\0005\000.\0002\000.\0001\000\040\000p\000r\000o\000c\000e\000s\000s\000\137\000t\000r\000i\000g\000g\000e\000r\000s\000\050\000\051}{subsection.3.5.2}% 28
\BOOKMARK [3][-]{subsubsection.3.5.2.2}{\376\377\0003\000.\0005\000.\0002\000.\0002\000\040\000s\000e\000t\000\137\000s\000o\000u\000r\000c\000e\000\137\000q\000u\000e\000u\000e\000\050\000\051}{subsection.3.5.2}% 29
\BOOKMARK [3][-]{subsubsection.3.5.2.3}{\376\377\0003\000.\0005\000.\0002\000.\0003\000\040\000s\000t\000o\000p\000\050\000\051}{subsection.3.5.2}% 30
\BOOKMARK [1][-]{section.3.6}{\376\377\0003\000.\0006\000\040\000d\000a\000r\000c\000.\000a\000m\000b\000e\000r\000\137\000t\000r\000i\000g\000g\000e\000r\000i\000n\000g\000.\000A\000M\000B\000E\000R\000T\000r\000i\000g\000g\000e\000r\000i\000n\000g\000E\000x\000c\000e\000p\000t\000i\000o\000n\000\040\000C\000l\000a\000s\000s\000\040\000R\000e\000f\000e\000r\000e\000n\000c\000e}{chapter.3}% 31
\BOOKMARK [1][-]{section.3.7}{\376\377\0003\000.\0007\000\040\000d\000a\000r\000c\000.\000d\000a\000d\000a\000\137\000t\000r\000i\000g\000g\000e\000r\000.\000D\000A\000D\000A\000T\000r\000i\000g\000g\000e\000r\000\040\000C\000l\000a\000s\000s\000\040\000R\000e\000f\000e\000r\000e\000n\000c\000e}{chapter.3}% 32
\BOOKMARK [2][-]{subsection.3.7.1}{\376\377\0003\000.\0007\000.\0001\000\040\000D\000e\000t\000a\000i\000l\000e\000d\000\040\000D\000e\000s\000c\000r\000i\000p\000t\000i\000o\000n}{section.3.7}% 33
\BOOKMARK [2][-]{subsection.3.7.2}{\376\377\0003\000.\0007\000.\0002\000\040\000C\000o\000n\000s\000t\000r\000u\000c\000t\000o\000r\000\040\000\046\000\040\000D\000e\000s\000t\000r\000u\000c\000t\000o\000r\000\040\000D\000o\000c\000u\000m\000e\000n\000t\000a\000t\000i\000o\000n}{section.3.7}% 34
\BOOKMARK [3][-]{subsubsection.3.7.2.1}{\376\377\0003\000.\0007\000.\0002\000.\0001\000\040\000\137\000\137\000i\000n\000i\000t\000\137\000\137\000\050\000\051}{subsection.3.7.2}% 35
\BOOKMARK [2][-]{subsection.3.7.3}{\376\377\0003\000.\0007\000.\0003\000\040\000M\000e\000m\000b\000e\000r\000\040\000F\000u\000n\000c\000t\000i\000o\000n\000\040\000D\000o\000c\000u\000m\000e\000n\000t\000a\000t\000i\000o\000n}{section.3.7}% 36
\BOOKMARK [3][-]{subsubsection.3.7.3.1}{\376\377\0003\000.\0007\000.\0003\000.\0001\000\040\000c\000l\000e\000a\000n\000u\000p\000\050\000\051}{subsection.3.7.3}% 37
\BOOKMARK [3][-]{subsubsection.3.7.3.2}{\376\377\0003\000.\0007\000.\0003\000.\0002\000\040\000p\000r\000o\000c\000e\000s\000s\000\137\000c\000o\000m\000m\000a\000n\000d\000\050\000\051}{subsection.3.7.3}% 38
\BOOKMARK [3][-]{subsubsection.3.7.3.3}{\376\377\0003\000.\0007\000.\0003\000.\0003\000\040\000s\000e\000n\000d\000\137\000e\000v\000e\000n\000t\000\050\000\051}{subsection.3.7.3}% 39
\BOOKMARK [1][-]{section.3.8}{\376\377\0003\000.\0008\000\040\000d\000a\000r\000c\000.\000d\000a\000d\000a\000\137\000t\000r\000i\000g\000g\000e\000r\000.\000D\000A\000D\000A\000T\000r\000i\000g\000g\000e\000r\000E\000x\000c\000e\000p\000t\000i\000o\000n\000\040\000C\000l\000a\000s\000s\000\040\000R\000e\000f\000e\000r\000e\000n\000c\000e}{chapter.3}% 40
\BOOKMARK [1][-]{section.3.9}{\376\377\0003\000.\0009\000\040\000d\000a\000r\000c\000.\000b\000a\000s\000e\000.\000D\000A\000R\000C\000B\000a\000s\000e\000\040\000C\000l\000a\000s\000s\000\040\000R\000e\000f\000e\000r\000e\000n\000c\000e}{chapter.3}% 41
\BOOKMARK [2][-]{subsection.3.9.1}{\376\377\0003\000.\0009\000.\0001\000\040\000D\000e\000t\000a\000i\000l\000e\000d\000\040\000D\000e\000s\000c\000r\000i\000p\000t\000i\000o\000n}{section.3.9}% 42
\BOOKMARK [2][-]{subsection.3.9.2}{\376\377\0003\000.\0009\000.\0002\000\040\000C\000o\000n\000s\000t\000r\000u\000c\000t\000o\000r\000\040\000\046\000\040\000D\000e\000s\000t\000r\000u\000c\000t\000o\000r\000\040\000D\000o\000c\000u\000m\000e\000n\000t\000a\000t\000i\000o\000n}{section.3.9}% 43
\BOOKMARK [3][-]{subsubsection.3.9.2.1}{\376\377\0003\000.\0009\000.\0002\000.\0001\000\040\000\137\000\137\000i\000n\000i\000t\000\137\000\137\000\050\000\051}{subsection.3.9.2}% 44
\BOOKMARK [2][-]{subsection.3.9.3}{\376\377\0003\000.\0009\000.\0003\000\040\000M\000e\000m\000b\000e\000r\000\040\000F\000u\000n\000c\000t\000i\000o\000n\000\040\000D\000o\000c\000u\000m\000e\000n\000t\000a\000t\000i\000o\000n}{section.3.9}% 45
\BOOKMARK [3][-]{subsubsection.3.9.3.1}{\376\377\0003\000.\0009\000.\0003\000.\0001\000\040\000r\000u\000n\000\050\000\051}{subsection.3.9.3}% 46
\BOOKMARK [3][-]{subsubsection.3.9.3.2}{\376\377\0003\000.\0009\000.\0003\000.\0002\000\040\000s\000e\000t\000\137\000s\000o\000u\000r\000c\000e\000\137\000q\000u\000e\000u\000e\000\050\000\051}{subsection.3.9.3}% 47
\BOOKMARK [3][-]{subsubsection.3.9.3.3}{\376\377\0003\000.\0009\000.\0003\000.\0003\000\040\000s\000e\000t\000\137\000t\000a\000r\000g\000e\000t\000\137\000q\000u\000e\000u\000e\000\050\000\051}{subsection.3.9.3}% 48
\BOOKMARK [3][-]{subsubsection.3.9.3.4}{\376\377\0003\000.\0009\000.\0003\000.\0004\000\040\000s\000t\000o\000p\000\050\000\051}{subsection.3.9.3}% 49
\BOOKMARK [1][-]{section.3.10}{\376\377\0003\000.\0001\0000\000\040\000d\000a\000r\000c\000.\000d\000a\000r\000c\000\137\000m\000a\000s\000t\000e\000r\000.\000D\000A\000R\000C\000M\000a\000s\000t\000e\000r\000\040\000C\000l\000a\000s\000s\000\040\000R\000e\000f\000e\000r\000e\000n\000c\000e}{chapter.3}% 50
\BOOKMARK [2][-]{subsection.3.10.1}{\376\377\0003\000.\0001\0000\000.\0001\000\040\000C\000o\000n\000s\000t\000r\000u\000c\000t\000o\000r\000\040\000\046\000\040\000D\000e\000s\000t\000r\000u\000c\000t\000o\000r\000\040\000D\000o\000c\000u\000m\000e\000n\000t\000a\000t\000i\000o\000n}{section.3.10}% 51
\BOOKMARK [3][-]{subsubsection.3.10.1.1}{\376\377\0003\000.\0001\0000\000.\0001\000.\0001\000\040\000\137\000\137\000i\000n\000i\000t\000\137\000\137\000\050\000\051}{subsection.3.10.1}% 52
\BOOKMARK [2][-]{subsection.3.10.2}{\376\377\0003\000.\0001\0000\000.\0002\000\040\000M\000e\000m\000b\000e\000r\000\040\000F\000u\000n\000c\000t\000i\000o\000n\000\040\000D\000o\000c\000u\000m\000e\000n\000t\000a\000t\000i\000o\000n}{section.3.10}% 53
\BOOKMARK [3][-]{subsubsection.3.10.2.1}{\376\377\0003\000.\0001\0000\000.\0002\000.\0001\000\040\000\137\000l\000o\000a\000d\000\137\000c\000o\000n\000f\000i\000g\000\050\000\051}{subsection.3.10.2}% 54
\BOOKMARK [3][-]{subsubsection.3.10.2.2}{\376\377\0003\000.\0001\0000\000.\0002\000.\0002\000\040\000\137\000l\000o\000a\000d\000\137\000p\000a\000r\000s\000e\000t\000\050\000\051}{subsection.3.10.2}% 55
\BOOKMARK [3][-]{subsubsection.3.10.2.3}{\376\377\0003\000.\0001\0000\000.\0002\000.\0003\000\040\000\137\000l\000o\000a\000d\000\137\000y\000a\000m\000l\000\050\000\051}{subsection.3.10.2}% 56
\BOOKMARK [3][-]{subsubsection.3.10.2.4}{\376\377\0003\000.\0001\0000\000.\0002\000.\0004\000\040\000\137\000r\000e\000l\000o\000a\000d\000\050\000\051}{subsection.3.10.2}% 57
\BOOKMARK [3][-]{subsubsection.3.10.2.5}{\376\377\0003\000.\0001\0000\000.\0002\000.\0005\000\040\000c\000h\000e\000c\000k\000\137\000s\000t\000a\000t\000u\000s\000\050\000\051}{subsection.3.10.2}% 58
\BOOKMARK [3][-]{subsubsection.3.10.2.6}{\376\377\0003\000.\0001\0000\000.\0002\000.\0006\000\040\000c\000r\000e\000a\000t\000e\000\137\000t\000h\000r\000e\000a\000d\000\050\000\051}{subsection.3.10.2}% 59
\BOOKMARK [3][-]{subsubsection.3.10.2.7}{\376\377\0003\000.\0001\0000\000.\0002\000.\0007\000\040\000p\000a\000r\000s\000e\000\137\000m\000e\000s\000s\000a\000g\000e\000\050\000\051}{subsection.3.10.2}% 60
\BOOKMARK [3][-]{subsubsection.3.10.2.8}{\376\377\0003\000.\0001\0000\000.\0002\000.\0008\000\040\000p\000r\000o\000c\000e\000s\000s\000\137\000m\000e\000s\000s\000a\000g\000e\000\050\000\051}{subsection.3.10.2}% 61
\BOOKMARK [3][-]{subsubsection.3.10.2.9}{\376\377\0003\000.\0001\0000\000.\0002\000.\0009\000\040\000r\000e\000s\000t\000a\000r\000t\000\137\000s\000e\000r\000v\000i\000c\000e\000\050\000\051}{subsection.3.10.2}% 62
\BOOKMARK [3][-]{subsubsection.3.10.2.10}{\376\377\0003\000.\0001\0000\000.\0002\000.\0001\0000\000\040\000r\000u\000n\000\050\000\051}{subsection.3.10.2}% 63
\BOOKMARK [3][-]{subsubsection.3.10.2.11}{\376\377\0003\000.\0001\0000\000.\0002\000.\0001\0001\000\040\000s\000t\000a\000r\000t\000\137\000o\000b\000s\000e\000r\000v\000a\000t\000i\000o\000n\000\050\000\051}{subsection.3.10.2}% 64
\BOOKMARK [3][-]{subsubsection.3.10.2.12}{\376\377\0003\000.\0001\0000\000.\0002\000.\0001\0002\000\040\000s\000t\000a\000r\000t\000\137\000s\000e\000r\000v\000i\000c\000e\000\050\000\051}{subsection.3.10.2}% 65
\BOOKMARK [3][-]{subsubsection.3.10.2.13}{\376\377\0003\000.\0001\0000\000.\0002\000.\0001\0003\000\040\000s\000t\000o\000p\000\050\000\051}{subsection.3.10.2}% 66
\BOOKMARK [3][-]{subsubsection.3.10.2.14}{\376\377\0003\000.\0001\0000\000.\0002\000.\0001\0004\000\040\000s\000t\000o\000p\000\137\000o\000b\000s\000e\000r\000v\000a\000t\000i\000o\000n\000\050\000\051}{subsection.3.10.2}% 67
\BOOKMARK [3][-]{subsubsection.3.10.2.15}{\376\377\0003\000.\0001\0000\000.\0002\000.\0001\0005\000\040\000s\000t\000o\000p\000\137\000s\000e\000r\000v\000i\000c\000e\000\050\000\051}{subsection.3.10.2}% 68
\BOOKMARK [1][-]{section.3.11}{\376\377\0003\000.\0001\0001\000\040\000d\000a\000r\000c\000.\000d\000a\000r\000c\000\137\000m\000a\000s\000t\000e\000r\000.\000D\000A\000R\000C\000M\000a\000s\000t\000e\000r\000E\000x\000c\000e\000p\000t\000i\000o\000n\000\040\000C\000l\000a\000s\000s\000\040\000R\000e\000f\000e\000r\000e\000n\000c\000e}{chapter.3}% 69
\BOOKMARK [1][-]{section.3.12}{\376\377\0003\000.\0001\0002\000\040\000d\000a\000r\000c\000.\000o\000f\000f\000l\000i\000n\000e\000\137\000p\000r\000o\000c\000e\000s\000s\000i\000n\000g\000.\000O\000f\000f\000l\000i\000n\000e\000P\000r\000o\000c\000e\000s\000s\000i\000n\000g\000\040\000C\000l\000a\000s\000s\000\040\000R\000e\000f\000e\000r\000e\000n\000c\000e}{chapter.3}% 70
\BOOKMARK [2][-]{subsection.3.12.1}{\376\377\0003\000.\0001\0002\000.\0001\000\040\000M\000e\000m\000b\000e\000r\000\040\000F\000u\000n\000c\000t\000i\000o\000n\000\040\000D\000o\000c\000u\000m\000e\000n\000t\000a\000t\000i\000o\000n}{section.3.12}% 71
\BOOKMARK [3][-]{subsubsection.3.12.1.1}{\376\377\0003\000.\0001\0002\000.\0001\000.\0001\000\040\000\137\000c\000l\000a\000s\000s\000i\000f\000y\000\050\000\051}{subsection.3.12.1}% 72
\BOOKMARK [3][-]{subsubsection.3.12.1.2}{\376\377\0003\000.\0001\0002\000.\0001\000.\0002\000\040\000\137\000c\000l\000u\000s\000t\000e\000r\000\050\000\051}{subsection.3.12.1}% 73
\BOOKMARK [3][-]{subsubsection.3.12.1.3}{\376\377\0003\000.\0001\0002\000.\0001\000.\0003\000\040\000\137\000f\000o\000l\000d\000\137\000p\000u\000l\000s\000a\000r\000\050\000\051}{subsection.3.12.1}% 74
\BOOKMARK [3][-]{subsubsection.3.12.1.4}{\376\377\0003\000.\0001\0002\000.\0001\000.\0004\000\040\000\137\000g\000a\000t\000h\000e\000r\000\137\000r\000e\000s\000u\000l\000t\000s\000\050\000\051}{subsection.3.12.1}% 75
\BOOKMARK [3][-]{subsubsection.3.12.1.5}{\376\377\0003\000.\0001\0002\000.\0001\000.\0005\000\040\000\137\000g\000e\000t\000\137\000c\000o\000o\000r\000d\000i\000n\000a\000t\000e\000s\000\050\000\051}{subsection.3.12.1}% 76
\BOOKMARK [3][-]{subsubsection.3.12.1.6}{\376\377\0003\000.\0001\0002\000.\0001\000.\0006\000\040\000\137\000g\000e\000t\000\137\000o\000v\000e\000r\000v\000i\000e\000w\000\050\000\051}{subsection.3.12.1}% 77
\BOOKMARK [3][-]{subsubsection.3.12.1.7}{\376\377\0003\000.\0001\0002\000.\0001\000.\0007\000\040\000\137\000g\000e\000t\000\137\000y\000m\000w\0001\0006\000\050\000\051}{subsection.3.12.1}% 78
\BOOKMARK [3][-]{subsubsection.3.12.1.8}{\376\377\0003\000.\0001\0002\000.\0001\000.\0008\000\040\000\137\000l\000o\000a\000d\000\137\000p\000a\000r\000s\000e\000t\000\050\000\051}{subsection.3.12.1}% 79
\BOOKMARK [3][-]{subsubsection.3.12.1.9}{\376\377\0003\000.\0001\0002\000.\0001\000.\0009\000\040\000\137\000m\000e\000r\000g\000e\000\137\000h\000d\000f\0005\000\050\000\051}{subsection.3.12.1}% 80
\BOOKMARK [3][-]{subsubsection.3.12.1.10}{\376\377\0003\000.\0001\0002\000.\0001\000.\0001\0000\000\040\000\137\000m\000e\000r\000g\000e\000\137\000p\000l\000o\000t\000s\000\050\000\051}{subsection.3.12.1}% 81
\BOOKMARK [3][-]{subsubsection.3.12.1.11}{\376\377\0003\000.\0001\0002\000.\0001\000.\0001\0001\000\040\000\137\000m\000e\000r\000g\000e\000\137\000t\000r\000i\000g\000g\000e\000r\000s\000\050\000\051}{subsection.3.12.1}% 82
\BOOKMARK [3][-]{subsubsection.3.12.1.12}{\376\377\0003\000.\0001\0002\000.\0001\000.\0001\0002\000\040\000\137\000s\000t\000a\000r\000t\000\137\000o\000b\000s\000e\000r\000v\000a\000t\000i\000o\000n\000\137\000m\000a\000s\000t\000e\000r\000\050\000\051}{subsection.3.12.1}% 83
\BOOKMARK [3][-]{subsubsection.3.12.1.13}{\376\377\0003\000.\0001\0002\000.\0001\000.\0001\0003\000\040\000\137\000s\000t\000a\000r\000t\000\137\000o\000b\000s\000e\000r\000v\000a\000t\000i\000o\000n\000\137\000w\000o\000r\000k\000e\000r\000\050\000\051}{subsection.3.12.1}% 84
\BOOKMARK [3][-]{subsubsection.3.12.1.14}{\376\377\0003\000.\0001\0002\000.\0001\000.\0001\0004\000\040\000r\000u\000n\000\050\000\051}{subsection.3.12.1}% 85
\BOOKMARK [3][-]{subsubsection.3.12.1.15}{\376\377\0003\000.\0001\0002\000.\0001\000.\0001\0005\000\040\000s\000e\000t\000\137\000s\000o\000u\000r\000c\000e\000\137\000q\000u\000e\000u\000e\000\050\000\051}{subsection.3.12.1}% 86
\BOOKMARK [3][-]{subsubsection.3.12.1.16}{\376\377\0003\000.\0001\0002\000.\0001\000.\0001\0006\000\040\000s\000t\000o\000p\000\050\000\051}{subsection.3.12.1}% 87
\BOOKMARK [1][-]{section.3.13}{\376\377\0003\000.\0001\0003\000\040\000d\000a\000r\000c\000.\000o\000f\000f\000l\000i\000n\000e\000\137\000p\000r\000o\000c\000e\000s\000s\000i\000n\000g\000.\000O\000f\000f\000l\000i\000n\000e\000P\000r\000o\000c\000e\000s\000s\000i\000n\000g\000E\000x\000c\000e\000p\000t\000i\000o\000n\000\040\000C\000l\000a\000s\000s\000\040\000R\000e\000f\000e\000r\000e\000n\000c\000e}{chapter.3}% 88
\BOOKMARK [1][-]{section.3.14}{\376\377\0003\000.\0001\0004\000\040\000d\000a\000r\000c\000.\000p\000r\000o\000c\000e\000s\000s\000o\000r\000.\000P\000r\000o\000c\000e\000s\000s\000o\000r\000\040\000C\000l\000a\000s\000s\000\040\000R\000e\000f\000e\000r\000e\000n\000c\000e}{chapter.3}% 89
\BOOKMARK [2][-]{subsection.3.14.1}{\376\377\0003\000.\0001\0004\000.\0001\000\040\000D\000e\000t\000a\000i\000l\000e\000d\000\040\000D\000e\000s\000c\000r\000i\000p\000t\000i\000o\000n}{section.3.14}% 90
\BOOKMARK [2][-]{subsection.3.14.2}{\376\377\0003\000.\0001\0004\000.\0002\000\040\000C\000o\000n\000s\000t\000r\000u\000c\000t\000o\000r\000\040\000\046\000\040\000D\000e\000s\000t\000r\000u\000c\000t\000o\000r\000\040\000D\000o\000c\000u\000m\000e\000n\000t\000a\000t\000i\000o\000n}{section.3.14}% 91
\BOOKMARK [3][-]{subsubsection.3.14.2.1}{\376\377\0003\000.\0001\0004\000.\0002\000.\0001\000\040\000\137\000\137\000i\000n\000i\000t\000\137\000\137\000\050\000\051}{subsection.3.14.2}% 92
\BOOKMARK [2][-]{subsection.3.14.3}{\376\377\0003\000.\0001\0004\000.\0003\000\040\000M\000e\000m\000b\000e\000r\000\040\000F\000u\000n\000c\000t\000i\000o\000n\000\040\000D\000o\000c\000u\000m\000e\000n\000t\000a\000t\000i\000o\000n}{section.3.14}% 93
\BOOKMARK [3][-]{subsubsection.3.14.3.1}{\376\377\0003\000.\0001\0004\000.\0003\000.\0001\000\040\000i\000q\000u\000v\000\137\000t\000r\000i\000g\000g\000e\000r\000\050\000\051}{subsection.3.14.3}% 94
\BOOKMARK [3][-]{subsubsection.3.14.3.2}{\376\377\0003\000.\0001\0004\000.\0003\000.\0002\000\040\000l\000o\000f\000a\000r\000\137\000t\000r\000i\000g\000g\000e\000r\000\050\000\051}{subsection.3.14.3}% 95
\BOOKMARK [3][-]{subsubsection.3.14.3.3}{\376\377\0003\000.\0001\0004\000.\0003\000.\0003\000\040\000r\000e\000a\000d\000\137\000a\000n\000d\000\137\000p\000r\000o\000c\000e\000s\000s\000\137\000d\000a\000t\000a\000\050\000\051}{subsection.3.14.3}% 96
\BOOKMARK [3][-]{subsubsection.3.14.3.4}{\376\377\0003\000.\0001\0004\000.\0003\000.\0004\000\040\000s\000t\000a\000r\000t\000\137\000o\000b\000s\000e\000r\000v\000a\000t\000i\000o\000n\000\050\000\051}{subsection.3.14.3}% 97
\BOOKMARK [3][-]{subsubsection.3.14.3.5}{\376\377\0003\000.\0001\0004\000.\0003\000.\0005\000\040\000s\000t\000o\000p\000\137\000o\000b\000s\000e\000r\000v\000a\000t\000i\000o\000n\000\050\000\051}{subsection.3.14.3}% 98
\BOOKMARK [1][-]{section.3.15}{\376\377\0003\000.\0001\0005\000\040\000d\000a\000r\000c\000.\000p\000r\000o\000c\000e\000s\000s\000o\000r\000.\000P\000r\000o\000c\000e\000s\000s\000o\000r\000E\000x\000c\000e\000p\000t\000i\000o\000n\000\040\000C\000l\000a\000s\000s\000\040\000R\000e\000f\000e\000r\000e\000n\000c\000e}{chapter.3}% 99
\BOOKMARK [1][-]{section.3.16}{\376\377\0003\000.\0001\0006\000\040\000d\000a\000r\000c\000.\000s\000b\000\137\000g\000e\000n\000e\000r\000a\000t\000o\000r\000.\000S\000B\000G\000e\000n\000e\000r\000a\000t\000o\000r\000\040\000C\000l\000a\000s\000s\000\040\000R\000e\000f\000e\000r\000e\000n\000c\000e}{chapter.3}% 100
\BOOKMARK [2][-]{subsection.3.16.1}{\376\377\0003\000.\0001\0006\000.\0001\000\040\000M\000e\000m\000b\000e\000r\000\040\000F\000u\000n\000c\000t\000i\000o\000n\000\040\000D\000o\000c\000u\000m\000e\000n\000t\000a\000t\000i\000o\000n}{section.3.16}% 101
\BOOKMARK [3][-]{subsubsection.3.16.1.1}{\376\377\0003\000.\0001\0006\000.\0001\000.\0001\000\040\000\137\000l\000o\000a\000d\000\137\000t\000a\000b\000l\000e\000\050\000\051}{subsection.3.16.1}% 102
\BOOKMARK [3][-]{subsubsection.3.16.1.2}{\376\377\0003\000.\0001\0006\000.\0001\000.\0002\000\040\000f\000r\000o\000m\000\137\000s\000c\000i\000e\000n\000c\000e\000\137\000c\000a\000s\000e\000\050\000\051}{subsection.3.16.1}% 103
\BOOKMARK [3][-]{subsubsection.3.16.1.3}{\376\377\0003\000.\0001\0006\000.\0001\000.\0003\000\040\000f\000r\000o\000m\000\137\000t\000a\000b\000l\000e\000\050\000\051}{subsection.3.16.1}% 104
\BOOKMARK [3][-]{subsubsection.3.16.1.4}{\376\377\0003\000.\0001\0006\000.\0001\000.\0004\000\040\000g\000e\000t\000\137\000m\000a\000p\000\050\000\051}{subsection.3.16.1}% 105
\BOOKMARK [3][-]{subsubsection.3.16.1.5}{\376\377\0003\000.\0001\0006\000.\0001\000.\0005\000\040\000r\000e\000v\000e\000r\000s\000e\000d\000\050\000\051\000\040\000[\0001\000/\0002\000]}{subsection.3.16.1}% 106
\BOOKMARK [3][-]{subsubsection.3.16.1.6}{\376\377\0003\000.\0001\0006\000.\0001\000.\0006\000\040\000r\000e\000v\000e\000r\000s\000e\000d\000\050\000\051\000\040\000[\0002\000/\0002\000]}{subsection.3.16.1}% 107
\BOOKMARK [3][-]{subsubsection.3.16.1.7}{\376\377\0003\000.\0001\0006\000.\0001\000.\0007\000\040\000s\000y\000n\000t\000h\000e\000s\000i\000z\000e\000\137\000b\000e\000a\000m\000\050\000\051}{subsection.3.16.1}% 108
\BOOKMARK [1][-]{section.3.17}{\376\377\0003\000.\0001\0007\000\040\000d\000a\000r\000c\000.\000s\000b\000\137\000g\000e\000n\000e\000r\000a\000t\000o\000r\000.\000S\000B\000G\000e\000n\000e\000r\000a\000t\000o\000r\000E\000x\000c\000e\000p\000t\000i\000o\000n\000\040\000C\000l\000a\000s\000s\000\040\000R\000e\000f\000e\000r\000e\000n\000c\000e}{chapter.3}% 109
\BOOKMARK [1][-]{section.3.18}{\376\377\0003\000.\0001\0008\000\040\000d\000a\000r\000c\000.\000s\000t\000a\000t\000u\000s\000\137\000w\000e\000b\000s\000i\000t\000e\000.\000S\000t\000a\000t\000u\000s\000W\000e\000b\000s\000i\000t\000e\000\040\000C\000l\000a\000s\000s\000\040\000R\000e\000f\000e\000r\000e\000n\000c\000e}{chapter.3}% 110
\BOOKMARK [2][-]{subsection.3.18.1}{\376\377\0003\000.\0001\0008\000.\0001\000\040\000M\000e\000m\000b\000e\000r\000\040\000F\000u\000n\000c\000t\000i\000o\000n\000\040\000D\000o\000c\000u\000m\000e\000n\000t\000a\000t\000i\000o\000n}{section.3.18}% 111
\BOOKMARK [3][-]{subsubsection.3.18.1.1}{\376\377\0003\000.\0001\0008\000.\0001\000.\0001\000\040\000g\000e\000t\000\137\000t\000e\000m\000p\000l\000a\000t\000e\000\050\000\051}{subsection.3.18.1}% 112
\BOOKMARK [3][-]{subsubsection.3.18.1.2}{\376\377\0003\000.\0001\0008\000.\0001\000.\0002\000\040\000m\000a\000k\000e\000\137\000o\000f\000f\000l\000i\000n\000e\000\137\000p\000a\000g\000e\000\050\000\051}{subsection.3.18.1}% 113
\BOOKMARK [3][-]{subsubsection.3.18.1.3}{\376\377\0003\000.\0001\0008\000.\0001\000.\0003\000\040\000p\000u\000b\000l\000i\000s\000h\000\137\000s\000t\000a\000t\000u\000s\000\050\000\051}{subsection.3.18.1}% 114
\BOOKMARK [3][-]{subsubsection.3.18.1.4}{\376\377\0003\000.\0001\0008\000.\0001\000.\0004\000\040\000r\000u\000n\000\050\000\051}{subsection.3.18.1}% 115
\BOOKMARK [3][-]{subsubsection.3.18.1.5}{\376\377\0003\000.\0001\0008\000.\0001\000.\0005\000\040\000s\000t\000o\000p\000\050\000\051}{subsection.3.18.1}% 116
\BOOKMARK [1][-]{section.3.19}{\376\377\0003\000.\0001\0009\000\040\000d\000a\000r\000c\000.\000s\000t\000a\000t\000u\000s\000\137\000w\000e\000b\000s\000i\000t\000e\000.\000S\000t\000a\000t\000u\000s\000W\000e\000b\000s\000i\000t\000e\000E\000x\000c\000e\000p\000t\000i\000o\000n\000\040\000C\000l\000a\000s\000s\000\040\000R\000e\000f\000e\000r\000e\000n\000c\000e}{chapter.3}% 117
\BOOKMARK [1][-]{section.3.20}{\376\377\0003\000.\0002\0000\000\040\000d\000a\000r\000c\000.\000v\000o\000e\000v\000e\000n\000t\000\137\000g\000e\000n\000e\000r\000a\000t\000o\000r\000.\000V\000O\000E\000v\000e\000n\000t\000G\000e\000n\000e\000r\000a\000t\000o\000r\000\040\000C\000l\000a\000s\000s\000\040\000R\000e\000f\000e\000r\000e\000n\000c\000e}{chapter.3}% 118
\BOOKMARK [2][-]{subsection.3.20.1}{\376\377\0003\000.\0002\0000\000.\0001\000\040\000D\000e\000t\000a\000i\000l\000e\000d\000\040\000D\000e\000s\000c\000r\000i\000p\000t\000i\000o\000n}{section.3.20}% 119
\BOOKMARK [2][-]{subsection.3.20.2}{\376\377\0003\000.\0002\0000\000.\0002\000\040\000M\000e\000m\000b\000e\000r\000\040\000F\000u\000n\000c\000t\000i\000o\000n\000\040\000D\000o\000c\000u\000m\000e\000n\000t\000a\000t\000i\000o\000n}{section.3.20}% 120
\BOOKMARK [3][-]{subsubsection.3.20.2.1}{\376\377\0003\000.\0002\0000\000.\0002\000.\0001\000\040\000c\000r\000e\000a\000t\000e\000\137\000a\000n\000d\000\137\000s\000e\000n\000d\000\050\000\051}{subsection.3.20.2}% 121
\BOOKMARK [3][-]{subsubsection.3.20.2.2}{\376\377\0003\000.\0002\0000\000.\0002\000.\0002\000\040\000r\000u\000n\000\050\000\051}{subsection.3.20.2}% 122
\BOOKMARK [3][-]{subsubsection.3.20.2.3}{\376\377\0003\000.\0002\0000\000.\0002\000.\0003\000\040\000s\000t\000o\000p\000\050\000\051}{subsection.3.20.2}% 123
\BOOKMARK [1][-]{section.3.21}{\376\377\0003\000.\0002\0001\000\040\000d\000a\000r\000c\000.\000v\000o\000e\000v\000e\000n\000t\000\137\000g\000e\000n\000e\000r\000a\000t\000o\000r\000.\000V\000O\000E\000v\000e\000n\000t\000G\000e\000n\000e\000r\000a\000t\000o\000r\000E\000x\000c\000e\000p\000t\000i\000o\000n\000\040\000C\000l\000a\000s\000s\000\040\000R\000e\000f\000e\000r\000e\000n\000c\000e}{chapter.3}% 124
\BOOKMARK [1][-]{section.3.22}{\376\377\0003\000.\0002\0002\000\040\000d\000a\000r\000c\000.\000v\000o\000e\000v\000e\000n\000t\000\137\000g\000e\000n\000e\000r\000a\000t\000o\000r\000.\000V\000O\000E\000v\000e\000n\000t\000Q\000u\000e\000u\000e\000S\000e\000r\000v\000e\000r\000\040\000C\000l\000a\000s\000s\000\040\000R\000e\000f\000e\000r\000e\000n\000c\000e}{chapter.3}% 125
\BOOKMARK [0][-]{section*.50}{\376\377\000I\000n\000d\000e\000x}{}% 126
